{"/Users/francisco.grd/Desktop/Trabajo/Pruebas/Front-imdb/src/App.tsx": {"path":"/Users/francisco.grd/Desktop/Trabajo/Pruebas/Front-imdb/src/App.tsx","statementMap":{"0":{"start":{"line":2,"column":2},"end":{"line":2,"column":23}},"1":{"start":{"line":5,"column":0},"end":{"line":5,"column":19}}},"fnMap":{"0":{"name":"App","decl":{"start":{"line":1,"column":9},"end":{"line":1,"column":12}},"loc":{"start":{"line":1,"column":12},"end":{"line":3,"column":1}}}},"branchMap":{},"s":{"0":1,"1":1},"f":{"0":1},"b":{}}
}
