{"/Users/francisco.grd/Desktop/Trabajo/Pruebas/Front-imdb/src/App.tsx": {"path":"/Users/francisco.grd/Desktop/Trabajo/Pruebas/Front-imdb/src/App.tsx","statementMap":{"0":{"start":{"line":1,"column":0},"end":{"line":1,"column":26}},"1":{"start":{"line":2,"column":0},"end":{"line":2,"column":46}},"2":{"start":{"line":4,"column":0},"end":{"line":4,"column":56}},"3":{"start":{"line":7,"column":2},"end":{"line":7,"column":26}},"4":{"start":{"line":10,"column":0},"end":{"line":10,"column":19}}},"fnMap":{"0":{"name":"App","decl":{"start":{"line":6,"column":9},"end":{"line":6,"column":12}},"loc":{"start":{"line":6,"column":12},"end":{"line":8,"column":1}}}},"branchMap":{},"s":{"0":1,"1":1,"2":1,"3":1,"4":1},"f":{"0":1},"b":{}}
,"/Users/francisco.grd/Desktop/Trabajo/Pruebas/Front-imdb/src/actions/filmsAction.ts": {"path":"/Users/francisco.grd/Desktop/Trabajo/Pruebas/Front-imdb/src/actions/filmsAction.ts","statementMap":{"0":{"start":{"line":2,"column":0},"end":{"line":2,"column":null}},"1":{"start":{"line":9,"column":23},"end":{"line":11,"column":2}},"2":{"start":{"line":9,"column":47},"end":{"line":11,"column":2}},"3":{"start":{"line":28,"column":2},"end":{"line":28,"column":16}},"4":{"start":{"line":13,"column":30},"end":{"line":18,"column":2}},"5":{"start":{"line":13,"column":65},"end":{"line":18,"column":2}},"6":{"start":{"line":30,"column":2},"end":{"line":30,"column":23}},"7":{"start":{"line":20,"column":28},"end":{"line":25,"column":2}},"8":{"start":{"line":20,"column":64},"end":{"line":25,"column":2}},"9":{"start":{"line":29,"column":2},"end":{"line":29,"column":21}}},"fnMap":{"0":{"name":"(anonymous_0)","decl":{"start":{"line":9,"column":23},"end":{"line":9,"column":43}},"loc":{"start":{"line":9,"column":47},"end":{"line":11,"column":2}}},"1":{"name":"(anonymous_1)","decl":{"start":{"line":13,"column":30},"end":{"line":13,"column":31}},"loc":{"start":{"line":13,"column":65},"end":{"line":18,"column":2}}},"2":{"name":"(anonymous_2)","decl":{"start":{"line":20,"column":28},"end":{"line":20,"column":29}},"loc":{"start":{"line":20,"column":64},"end":{"line":25,"column":2}}}},"branchMap":{},"s":{"0":6,"1":6,"2":2,"3":6,"4":6,"5":1,"6":6,"7":6,"8":1,"9":6},"f":{"0":2,"1":1,"2":1},"b":{}}
,"/Users/francisco.grd/Desktop/Trabajo/Pruebas/Front-imdb/src/components/Layout/index.tsx": {"path":"/Users/francisco.grd/Desktop/Trabajo/Pruebas/Front-imdb/src/components/Layout/index.tsx","statementMap":{"0":{"start":{"line":1,"column":0},"end":{"line":1,"column":33}},"1":{"start":{"line":2,"column":0},"end":{"line":2,"column":42}},"2":{"start":{"line":3,"column":0},"end":{"line":3,"column":36}},"3":{"start":{"line":4,"column":0},"end":{"line":4,"column":44}},"4":{"start":{"line":5,"column":0},"end":{"line":5,"column":42}},"5":{"start":{"line":6,"column":0},"end":{"line":6,"column":50}},"6":{"start":{"line":7,"column":0},"end":{"line":7,"column":38}},"7":{"start":{"line":8,"column":0},"end":{"line":8,"column":46}},"8":{"start":{"line":9,"column":0},"end":{"line":9,"column":58}},"9":{"start":{"line":10,"column":0},"end":{"line":10,"column":54}},"10":{"start":{"line":11,"column":0},"end":{"line":11,"column":48}},"11":{"start":{"line":12,"column":0},"end":{"line":12,"column":44}},"12":{"start":{"line":13,"column":0},"end":{"line":13,"column":50}},"13":{"start":{"line":14,"column":0},"end":{"line":14,"column":42}},"14":{"start":{"line":15,"column":0},"end":{"line":15,"column":48}},"15":{"start":{"line":17,"column":20},"end":{"line":17,"column":23}},"16":{"start":{"line":18,"column":17},"end":{"line":28,"column":2}},"17":{"start":{"line":31,"column":38},"end":{"line":31,"column":53}},"18":{"start":{"line":33,"column":29},"end":{"line":35,"column":3}},"19":{"start":{"line":34,"column":4},"end":{"line":34,"column":31}},"20":{"start":{"line":38,"column":4},"end":{"line":52,"column":null}},"21":{"start":{"line":45,"column":10},"end":{"line":45,"column":34}},"22":{"start":{"line":56,"column":2},"end":{"line":110,"column":4}},"23":{"start":{"line":79,"column":14},"end":{"line":79,"column":34}},"24":{"start":{"line":113,"column":0},"end":{"line":113,"column":22}}},"fnMap":{"0":{"name":"Layout","decl":{"start":{"line":30,"column":9},"end":{"line":30,"column":15}},"loc":{"start":{"line":30,"column":15},"end":{"line":111,"column":1}}},"1":{"name":"(anonymous_2)","decl":{"start":{"line":33,"column":29},"end":{"line":33,"column":32}},"loc":{"start":{"line":33,"column":34},"end":{"line":35,"column":3}}},"2":{"name":"(anonymous_3)","decl":{"start":{"line":44,"column":22},"end":{"line":44,"column":23}},"loc":{"start":{"line":45,"column":10},"end":{"line":45,"column":34}}},"3":{"name":"(anonymous_4)","decl":{"start":{"line":78,"column":26},"end":{"line":78,"column":27}},"loc":{"start":{"line":79,"column":14},"end":{"line":79,"column":34}}}},"branchMap":{},"s":{"0":2,"1":2,"2":2,"3":2,"4":2,"5":2,"6":2,"7":2,"8":2,"9":2,"10":2,"11":2,"12":2,"13":2,"14":2,"15":2,"16":2,"17":4,"18":4,"19":1,"20":4,"21":8,"22":4,"23":8,"24":2},"f":{"0":4,"1":1,"2":8,"3":8},"b":{}}
,"/Users/francisco.grd/Desktop/Trabajo/Pruebas/Front-imdb/src/components/MovieCard/index.tsx": {"path":"/Users/francisco.grd/Desktop/Trabajo/Pruebas/Front-imdb/src/components/MovieCard/index.tsx","statementMap":{"0":{"start":{"line":2,"column":0},"end":{"line":2,"column":38}},"1":{"start":{"line":3,"column":0},"end":{"line":3,"column":52}},"2":{"start":{"line":4,"column":0},"end":{"line":4,"column":52}},"3":{"start":{"line":5,"column":0},"end":{"line":5,"column":48}},"4":{"start":{"line":6,"column":0},"end":{"line":6,"column":42}},"5":{"start":{"line":7,"column":0},"end":{"line":7,"column":50}},"6":{"start":{"line":8,"column":0},"end":{"line":8,"column":null}},"7":{"start":{"line":11,"column":0},"end":{"line":11,"column":31}},"8":{"start":{"line":26,"column":2},"end":{"line":57,"column":4}},"9":{"start":{"line":60,"column":0},"end":{"line":60,"column":25}}},"fnMap":{"0":{"name":"MovieCard","decl":{"start":{"line":23,"column":9},"end":{"line":23,"column":18}},"loc":{"start":{"line":25,"column":7},"end":{"line":58,"column":1}}}},"branchMap":{},"s":{"0":3,"1":3,"2":3,"3":3,"4":3,"5":3,"6":3,"7":3,"8":1,"9":3},"f":{"0":1},"b":{}}
,"/Users/francisco.grd/Desktop/Trabajo/Pruebas/Front-imdb/src/components/MovieCard/styles.ts": {"path":"/Users/francisco.grd/Desktop/Trabajo/Pruebas/Front-imdb/src/components/MovieCard/styles.ts","statementMap":{"0":{"start":{"line":1,"column":16},"end":{"line":17,"column":2}},"1":{"start":{"line":19,"column":0},"end":{"line":19,"column":23}}},"fnMap":{},"branchMap":{},"s":{"0":3,"1":3},"f":{},"b":{}}
,"/Users/francisco.grd/Desktop/Trabajo/Pruebas/Front-imdb/src/components/SkeletonMovieCard/index.tsx": {"path":"/Users/francisco.grd/Desktop/Trabajo/Pruebas/Front-imdb/src/components/SkeletonMovieCard/index.tsx","statementMap":{"0":{"start":{"line":1,"column":0},"end":{"line":1,"column":null}},"1":{"start":{"line":4,"column":0},"end":{"line":4,"column":31}},"2":{"start":{"line":7,"column":2},"end":{"line":24,"column":4}},"3":{"start":{"line":27,"column":0},"end":{"line":27,"column":33}}},"fnMap":{"0":{"name":"SkeletonMovieCard","decl":{"start":{"line":6,"column":9},"end":{"line":6,"column":26}},"loc":{"start":{"line":6,"column":26},"end":{"line":25,"column":1}}}},"branchMap":{},"s":{"0":3,"1":3,"2":11,"3":3},"f":{"0":11},"b":{}}
,"/Users/francisco.grd/Desktop/Trabajo/Pruebas/Front-imdb/src/components/SkeletonMovieCard/styles.ts": {"path":"/Users/francisco.grd/Desktop/Trabajo/Pruebas/Front-imdb/src/components/SkeletonMovieCard/styles.ts","statementMap":{"0":{"start":{"line":1,"column":16},"end":{"line":19,"column":2}},"1":{"start":{"line":21,"column":0},"end":{"line":21,"column":23}}},"fnMap":{},"branchMap":{},"s":{"0":3,"1":3},"f":{},"b":{}}
,"/Users/francisco.grd/Desktop/Trabajo/Pruebas/Front-imdb/src/pages/Home/index.tsx": {"path":"/Users/francisco.grd/Desktop/Trabajo/Pruebas/Front-imdb/src/pages/Home/index.tsx","statementMap":{"0":{"start":{"line":1,"column":0},"end":{"line":1,"column":36}},"1":{"start":{"line":2,"column":0},"end":{"line":2,"column":34}},"2":{"start":{"line":3,"column":0},"end":{"line":3,"column":55}},"3":{"start":{"line":4,"column":0},"end":{"line":4,"column":59}},"4":{"start":{"line":5,"column":0},"end":{"line":5,"column":51}},"5":{"start":{"line":6,"column":0},"end":{"line":6,"column":67}},"6":{"start":{"line":7,"column":0},"end":{"line":7,"column":58}},"7":{"start":{"line":8,"column":0},"end":{"line":8,"column":31}},"8":{"start":{"line":11,"column":19},"end":{"line":11,"column":32}},"9":{"start":{"line":12,"column":2},"end":{"line":14,"column":9}},"10":{"start":{"line":13,"column":4},"end":{"line":13,"column":31}},"11":{"start":{"line":15,"column":28},"end":{"line":15,"column":49}},"12":{"start":{"line":16,"column":2},"end":{"line":39,"column":4}},"13":{"start":{"line":19,"column":8},"end":{"line":19,"column":53}},"14":{"start":{"line":25,"column":10},"end":{"line":26,"column":null}},"15":{"start":{"line":42,"column":0},"end":{"line":42,"column":24}}},"fnMap":{"0":{"name":"HomePage","decl":{"start":{"line":10,"column":9},"end":{"line":10,"column":17}},"loc":{"start":{"line":10,"column":17},"end":{"line":40,"column":1}}},"1":{"name":"(anonymous_2)","decl":{"start":{"line":12,"column":12},"end":{"line":12,"column":15}},"loc":{"start":{"line":12,"column":17},"end":{"line":14,"column":3}}},"2":{"name":"(anonymous_3)","decl":{"start":{"line":18,"column":55},"end":{"line":18,"column":56}},"loc":{"start":{"line":19,"column":8},"end":{"line":19,"column":53}}},"3":{"name":"(anonymous_4)","decl":{"start":{"line":22,"column":23},"end":{"line":22,"column":24}},"loc":{"start":{"line":25,"column":10},"end":{"line":26,"column":null}}}},"branchMap":{"0":{"loc":{"start":{"line":18,"column":7},"end":{"line":19,"column":null}},"type":"binary-expr","locations":[{"start":{"line":18,"column":7},"end":{"line":18,"column":14}},{"start":{"line":18,"column":19},"end":{"line":19,"column":55}}]},"1":{"loc":{"start":{"line":21,"column":7},"end":{"line":35,"column":null}},"type":"binary-expr","locations":[{"start":{"line":21,"column":7},"end":{"line":21,"column":15}},{"start":{"line":22,"column":8},"end":{"line":35,"column":10}}]}},"s":{"0":2,"1":2,"2":2,"3":2,"4":2,"5":2,"6":2,"7":2,"8":2,"9":2,"10":1,"11":2,"12":2,"13":10,"14":0,"15":2},"f":{"0":2,"1":1,"2":10,"3":0},"b":{"0":[2,1],"1":[2,1]}}
,"/Users/francisco.grd/Desktop/Trabajo/Pruebas/Front-imdb/src/pages/Home/styles.ts": {"path":"/Users/francisco.grd/Desktop/Trabajo/Pruebas/Front-imdb/src/pages/Home/styles.ts","statementMap":{"0":{"start":{"line":1,"column":16},"end":{"line":9,"column":2}},"1":{"start":{"line":11,"column":0},"end":{"line":11,"column":23}}},"fnMap":{},"branchMap":{},"s":{"0":2,"1":2},"f":{},"b":{}}
,"/Users/francisco.grd/Desktop/Trabajo/Pruebas/Front-imdb/src/reducer/filmsReducer.ts": {"path":"/Users/francisco.grd/Desktop/Trabajo/Pruebas/Front-imdb/src/reducer/filmsReducer.ts","statementMap":{"0":{"start":{"line":1,"column":0},"end":{"line":1,"column":null}},"1":{"start":{"line":9,"column":48},"end":{"line":16,"column":2}},"2":{"start":{"line":22,"column":2},"end":{"line":42,"column":null}},"3":{"start":{"line":24,"column":6},"end":{"line":26,"column":null}},"4":{"start":{"line":29,"column":6},"end":{"line":32,"column":null}},"5":{"start":{"line":35,"column":6},"end":{"line":38,"column":null}},"6":{"start":{"line":41,"column":6},"end":{"line":41,"column":19}},"7":{"start":{"line":45,"column":0},"end":{"line":45,"column":28}}},"fnMap":{"0":{"name":"filmsReducer","decl":{"start":{"line":18,"column":9},"end":{"line":18,"column":21}},"loc":{"start":{"line":20,"column":26},"end":{"line":43,"column":1}}}},"branchMap":{"0":{"loc":{"start":{"line":19,"column":2},"end":{"line":19,"column":30}},"type":"default-arg","locations":[{"start":{"line":19,"column":10},"end":{"line":19,"column":30}}]},"1":{"loc":{"start":{"line":22,"column":2},"end":{"line":42,"column":null}},"type":"switch","locations":[{"start":{"line":23,"column":4},"end":{"line":26,"column":null}},{"start":{"line":28,"column":4},"end":{"line":32,"column":null}},{"start":{"line":34,"column":4},"end":{"line":38,"column":null}},{"start":{"line":40,"column":4},"end":{"line":41,"column":19}}]}},"s":{"0":6,"1":6,"2":19,"3":2,"4":1,"5":1,"6":15,"7":6},"f":{"0":19},"b":{"0":[18],"1":[2,1,1,15]}}
,"/Users/francisco.grd/Desktop/Trabajo/Pruebas/Front-imdb/src/routers/MainRouter.tsx": {"path":"/Users/francisco.grd/Desktop/Trabajo/Pruebas/Front-imdb/src/routers/MainRouter.tsx","statementMap":{"0":{"start":{"line":1,"column":0},"end":{"line":1,"column":39}},"1":{"start":{"line":2,"column":0},"end":{"line":2,"column":null}},"2":{"start":{"line":6,"column":0},"end":{"line":6,"column":42}},"3":{"start":{"line":8,"column":17},"end":{"line":8,"column":52}},"4":{"start":{"line":8,"column":27},"end":{"line":8,"column":51}},"5":{"start":{"line":11,"column":2},"end":{"line":21,"column":4}},"6":{"start":{"line":24,"column":0},"end":{"line":24,"column":26}}},"fnMap":{"0":{"name":"(anonymous_7)","decl":{"start":{"line":8,"column":22},"end":{"line":8,"column":25}},"loc":{"start":{"line":8,"column":27},"end":{"line":8,"column":51}}},"1":{"name":"(anonymous_8)","decl":{"start":{"line":8,"column":27},"end":{"line":8,"column":35}},"loc":{"start":{"line":8,"column":27},"end":{"line":8,"column":51}}},"2":{"name":"MainRouter","decl":{"start":{"line":10,"column":9},"end":{"line":10,"column":19}},"loc":{"start":{"line":10,"column":19},"end":{"line":22,"column":1}}}},"branchMap":{},"s":{"0":1,"1":1,"2":1,"3":1,"4":2,"5":1,"6":1},"f":{"0":1,"1":1,"2":1},"b":{}}
}
