TN:
SF:src/App.tsx
FN:6,App
FNF:1
FNH:1
FNDA:1,App
DA:1,1
DA:2,1
DA:4,1
DA:7,1
DA:10,1
LF:5
LH:5
BRF:0
BRH:0
end_of_record
TN:
SF:src/actions/filmsAction.ts
FN:9,(anonymous_0)
FN:13,(anonymous_1)
FN:20,(anonymous_2)
FNF:3
FNH:3
FNDA:2,(anonymous_0)
FNDA:1,(anonymous_1)
FNDA:1,(anonymous_2)
DA:2,6
DA:9,6
DA:13,6
DA:20,6
DA:28,6
DA:29,6
DA:30,6
LF:7
LH:7
BRF:0
BRH:0
end_of_record
TN:
SF:src/components/Layout/index.tsx
FN:30,Layout
FN:33,(anonymous_2)
FN:44,(anonymous_3)
FN:78,(anonymous_4)
FNF:4
FNH:4
FNDA:4,Layout
FNDA:1,(anonymous_2)
FNDA:8,(anonymous_3)
FNDA:8,(anonymous_4)
DA:1,2
DA:2,2
DA:3,2
DA:4,2
DA:5,2
DA:6,2
DA:7,2
DA:8,2
DA:9,2
DA:10,2
DA:11,2
DA:12,2
DA:13,2
DA:14,2
DA:15,2
DA:17,2
DA:18,2
DA:31,4
DA:33,4
DA:34,1
DA:38,4
DA:45,8
DA:56,4
DA:79,8
DA:113,2
LF:25
LH:25
BRF:0
BRH:0
end_of_record
TN:
SF:src/components/MovieCard/index.tsx
FN:23,MovieCard
FNF:1
FNH:1
FNDA:1,MovieCard
DA:2,3
DA:3,3
DA:4,3
DA:5,3
DA:6,3
DA:7,3
DA:8,3
DA:11,3
DA:26,1
DA:60,3
LF:10
LH:10
BRF:0
BRH:0
end_of_record
TN:
SF:src/components/MovieCard/styles.ts
FNF:0
FNH:0
DA:1,3
DA:19,3
LF:2
LH:2
BRF:0
BRH:0
end_of_record
TN:
SF:src/components/SkeletonMovieCard/index.tsx
FN:6,SkeletonMovieCard
FNF:1
FNH:1
FNDA:11,SkeletonMovieCard
DA:1,3
DA:4,3
DA:7,11
DA:27,3
LF:4
LH:4
BRF:0
BRH:0
end_of_record
TN:
SF:src/components/SkeletonMovieCard/styles.ts
FNF:0
FNH:0
DA:1,3
DA:21,3
LF:2
LH:2
BRF:0
BRH:0
end_of_record
TN:
SF:src/pages/Home/index.tsx
FN:10,HomePage
FN:12,(anonymous_2)
FN:18,(anonymous_3)
FN:22,(anonymous_4)
FNF:4
FNH:3
FNDA:2,HomePage
FNDA:1,(anonymous_2)
FNDA:10,(anonymous_3)
FNDA:0,(anonymous_4)
DA:1,2
DA:2,2
DA:3,2
DA:4,2
DA:5,2
DA:6,2
DA:7,2
DA:8,2
DA:11,2
DA:12,2
DA:13,1
DA:15,2
DA:16,2
DA:19,10
DA:25,0
DA:42,2
LF:16
LH:15
BRDA:18,0,0,2
BRDA:18,0,1,1
BRDA:21,1,0,2
BRDA:21,1,1,1
BRF:4
BRH:4
end_of_record
TN:
SF:src/pages/Home/styles.ts
FNF:0
FNH:0
DA:1,2
DA:11,2
LF:2
LH:2
BRF:0
BRH:0
end_of_record
TN:
SF:src/reducer/filmsReducer.ts
FN:18,filmsReducer
FNF:1
FNH:1
FNDA:19,filmsReducer
DA:1,6
DA:9,6
DA:22,19
DA:24,2
DA:29,1
DA:35,1
DA:41,15
DA:45,6
LF:8
LH:8
BRDA:19,0,0,18
BRDA:22,1,0,2
BRDA:22,1,1,1
BRDA:22,1,2,1
BRDA:22,1,3,15
BRF:5
BRH:5
end_of_record
TN:
SF:src/routers/MainRouter.tsx
FN:8,(anonymous_7)
FN:8,(anonymous_8)
FN:10,MainRouter
FNF:3
FNH:3
FNDA:1,(anonymous_7)
FNDA:1,(anonymous_8)
FNDA:1,MainRouter
DA:1,1
DA:2,1
DA:6,1
DA:8,2
DA:11,1
DA:24,1
LF:6
LH:6
BRF:0
BRH:0
end_of_record
